<?xml version="1.0" encoding="UTF-8"?>
<!-- Generated by org.testng.reporters.JUnitXMLReporter -->
<testsuite hostname="DESKTOP-EN6HAK8" ignored="0" name="SmokeTest" tests="4" failures="1" timestamp="13 Jan 2018 04:52:22 GMT" time="0.167" errors="0">
  <testcase name="GoogleVerify" time="0.044" classname="automation.practice.TC_004_GoogleLoginVerify">
    <failure type="java.lang.AssertionError" message="expected [true] but found [false]">
      <![CDATA[java.lang.AssertionError: expected [true] but found [false]
	at automation.practice.TC_004_GoogleLoginVerify.GoogleVerify(TC_004_GoogleLoginVerify.java:10)
... Removed 29 stack frames]]>
    </failure>
  </testcase> <!-- GoogleVerify -->
  <testcase name="LinkedInLoginVerify" time="0.008" classname="automation.practice.TC_003_LinkedInVerify"/>
  <testcase name="VerifyFBLogin" time="0.009" classname="automation.practice.TC_001_FacebookLoginVerify"/>
  <testcase name="TwitterLoginVerify" time="0.008" classname="automation.practice.TC_002_TwitterLoginVerify"/>
</testsuite> <!-- SmokeTest -->
